d:\onedrive - national university of sciences & technology\study\semester 1\fundamentals of computer programming\project\trading system with ai integration\x64\debug\vc143.pdb
d:\onedrive - national university of sciences & technology\study\semester 1\fundamentals of computer programming\project\trading system with ai integration\x64\debug\.netframework,version=v4.8.assemblyattributes.obj
d:\onedrive - national university of sciences & technology\study\semester 1\fundamentals of computer programming\project\trading system with ai integration\x64\debug\myform.obj
d:\onedrive - national university of sciences & technology\study\semester 1\fundamentals of computer programming\project\trading system with ai integration\x64\debug\crud_request_helper_functions.obj
d:\onedrive - national university of sciences & technology\study\semester 1\fundamentals of computer programming\project\trading system with ai integration\x64\debug\api_interaction.obj
d:\onedrive - national university of sciences & technology\study\semester 1\fundamentals of computer programming\project\trading system with ai integration\x64\debug\ai_bot.obj
d:\onedrive - national university of sciences & technology\study\semester 1\fundamentals of computer programming\project\trading system with ai integration\x64\debug\trading system with ai integration.exe
d:\onedrive - national university of sciences & technology\study\semester 1\fundamentals of computer programming\project\trading system with ai integration\x64\debug\trading system with ai integration.pdb
d:\onedrive - national university of sciences & technology\study\semester 1\fundamentals of computer programming\project\trading system with ai integration - copy\x64\debug\libcrypto-3-x64.dll
d:\onedrive - national university of sciences & technology\study\semester 1\fundamentals of computer programming\project\trading system with ai integration - copy\x64\debug\libcurl-d.dll
d:\onedrive - national university of sciences & technology\study\semester 1\fundamentals of computer programming\project\trading system with ai integration - copy\x64\debug\zlibd1.dll
d:\onedrive - national university of sciences & technology\study\semester 1\fundamentals of computer programming\project\trading system with ai integration\x64\debug\libcrypto-3-x64.dll
d:\onedrive - national university of sciences & technology\study\semester 1\fundamentals of computer programming\project\trading system with ai integration\x64\debug\libcurl-d.dll
d:\onedrive - national university of sciences & technology\study\semester 1\fundamentals of computer programming\project\trading system with ai integration\x64\debug\zlibd1.dll
d:\onedrive - national university of sciences & technology\study\semester 1\fundamentals of computer programming\project\trading system with ai integration\x64\debug\trading system with ai integration.exe.metagen
d:\onedrive - national university of sciences & technology\study\semester 1\fundamentals of computer programming\project\trading system with ai integration\x64\debug\trading .9753eb24.tlog\cl.command.1.tlog
d:\onedrive - national university of sciences & technology\study\semester 1\fundamentals of computer programming\project\trading system with ai integration\x64\debug\trading .9753eb24.tlog\cl.items.tlog
d:\onedrive - national university of sciences & technology\study\semester 1\fundamentals of computer programming\project\trading system with ai integration\x64\debug\trading .9753eb24.tlog\cl.read.1.tlog
d:\onedrive - national university of sciences & technology\study\semester 1\fundamentals of computer programming\project\trading system with ai integration\x64\debug\trading .9753eb24.tlog\cl.write.1.tlog
d:\onedrive - national university of sciences & technology\study\semester 1\fundamentals of computer programming\project\trading system with ai integration\x64\debug\trading .9753eb24.tlog\link.command.1.tlog
d:\onedrive - national university of sciences & technology\study\semester 1\fundamentals of computer programming\project\trading system with ai integration\x64\debug\trading .9753eb24.tlog\link.read.1.tlog
d:\onedrive - national university of sciences & technology\study\semester 1\fundamentals of computer programming\project\trading system with ai integration\x64\debug\trading .9753eb24.tlog\link.write.1.tlog
d:\onedrive - national university of sciences & technology\study\semester 1\fundamentals of computer programming\project\trading system with ai integration\x64\debug\trading .9753eb24.tlog\metagen.read.1.tlog
d:\onedrive - national university of sciences & technology\study\semester 1\fundamentals of computer programming\project\trading system with ai integration\x64\debug\trading .9753eb24.tlog\metagen.write.1.tlog
d:\onedrive - national university of sciences & technology\study\semester 1\fundamentals of computer programming\project\trading system with ai integration\x64\debug\trading .9753eb24.tlog\resgen.command.1.tlog
d:\onedrive - national university of sciences & technology\study\semester 1\fundamentals of computer programming\project\trading system with ai integration\x64\debug\trading .9753eb24.tlog\resgen.read.1.tlog
d:\onedrive - national university of sciences & technology\study\semester 1\fundamentals of computer programming\project\trading system with ai integration\x64\debug\trading .9753eb24.tlog\resgen.write.1.tlog
d:\onedrive - national university of sciences & technology\study\semester 1\fundamentals of computer programming\project\trading system with ai integration\x64\debug\trading .9753eb24.tlog\trading system with ai integration.write.1u.tlog
